<?xml version="1.0" encoding="UTF-8"?>
<testsuite xmlns:xsi="http://www.w3.org/2001/XMLSchema-instance" xsi:noNamespaceSchemaLocation="https://maven.apache.org/surefire/maven-surefire-plugin/xsd/surefire-test-report.xsd" name="com.provys.report.jooxml.repexecutor.ParameterReaderTest" time="0.39" tests="4" errors="0" skipped="0" failures="0">
  <properties>
[...]
</properties>
  <testcase name="getParametersFromString{String, Parameter[], Boolean}[1]" classname="com.provys.report.jooxml.repexecutor.ParameterReaderTest" time="0.354"/>
  <testcase name="getParametersFromString{String, Parameter[], Boolean}[2]" classname="com.provys.report.jooxml.repexecutor.ParameterReaderTest" time="0.001"/>
  <testcase name="getParametersFromString{String, Parameter[], Boolean}[3]" classname="com.provys.report.jooxml.repexecutor.ParameterReaderTest" time="0.004"/>
  <testcase name="getParametersFromString{String, Parameter[], Boolean}[4]" classname="com.provys.report.jooxml.repexecutor.ParameterReaderTest" time="0.001"/>
</testsuite>